# JRE version: OpenJDK Runtime Environment (17.0.2+8) (build 17.0.2+8-86)
# Java VM: OpenJDK 64-Bit Server VM (17.0.2+8-86, mixed mode, sharing, tiered, compressed oops, compressed class ptrs, g1 gc, windows-amd64)
GC Precious Log:
 CPUs: 4 total, 4 available
 Memory: 7854M
 Large Page Support: Disabled
 NUMA Support: Disabled
 Compressed Oops: Enabled (32-bit)
 Heap Region Size: 1M
 Heap Min Capacity: 256M
 Heap Initial Capacity: 256M
 Heap Max Capacity: 512M
 Pre-touch: Disabled
 Parallel Workers: 4
 Concurrent Workers: 1
 Concurrent Refinement Workers: 4
 Periodic GC: Disabled
Heap:
 garbage-first heap   total 262144K, used 159709K [0x00000000e0000000, 0x0000000100000000)
  region size 1024K, 57 young (58368K), 6 survivors (6144K)
 Metaspace       used 40722K, committed 41088K, reserved 253952K
  class space    used 5591K, committed 5760K, reserved 212992K
GC Heap History (20 events):
Event: 56.878 GC heap before
{Heap before GC invocations=46 (full 0):
 garbage-first heap   total 262144K, used 222861K [0x00000000e0000000, 0x0000000100000000)
  region size 1024K, 132 young (135168K), 11 survivors (11264K)
 Metaspace       used 40640K, committed 41024K, reserved 253952K
  class space    used 5591K, committed 5760K, reserved 212992K
}
Event: 56.880 GC heap after
{Heap after GC invocations=47 (full 0):
 garbage-first heap   total 262144K, used 89013K [0x00000000e0000000, 0x0000000100000000)
  region size 1024K, 4 young (4096K), 4 survivors (4096K)
 Metaspace       used 40640K, committed 41024K, reserved 253952K
  class space    used 5591K, committed 5760K, reserved 212992K
}
Event: 57.333 GC heap before
{Heap before GC invocations=47 (full 0):
 garbage-first heap   total 262144K, used 233397K [0x00000000e0000000, 0x0000000100000000)
  region size 1024K, 143 young (146432K), 4 survivors (4096K)
 Metaspace       used 40644K, committed 41024K, reserved 253952K
  class space    used 5591K, committed 5760K, reserved 212992K
}
Event: 57.335 GC heap after
{Heap after GC invocations=48 (full 0):
 garbage-first heap   total 262144K, used 88064K [0x00000000e0000000, 0x0000000100000000)
  region size 1024K, 3 young (3072K), 3 survivors (3072K)
 Metaspace       used 40644K, committed 41024K, reserved 253952K
  class space    used 5591K, committed 5760K, reserved 212992K
}
Event: 57.867 GC heap before
{Heap before GC invocations=48 (full 0):
 garbage-first heap   total 262144K, used 235520K [0x00000000e0000000, 0x0000000100000000)
  region size 1024K, 144 young (147456K), 3 survivors (3072K)
 Metaspace       used 40648K, committed 41024K, reserved 253952K
  class space    used 5591K, committed 5760K, reserved 212992K
}
Event: 57.870 GC heap after
{Heap after GC invocations=49 (full 0):
 garbage-first heap   total 262144K, used 93161K [0x00000000e0000000, 0x0000000100000000)
  region size 1024K, 5 young (5120K), 5 survivors (5120K)
 Metaspace       used 40648K, committed 41024K, reserved 253952K
  class space    used 5591K, committed 5760K, reserved 212992K
}
Event: 58.440 GC heap before
{Heap before GC invocations=49 (full 0):
 garbage-first heap   total 262144K, used 234473K [0x00000000e0000000, 0x0000000100000000)
  region size 1024K, 139 young (142336K), 5 survivors (5120K)
 Metaspace       used 40653K, committed 41024K, reserved 253952K
  class space    used 5591K, committed 5760K, reserved 212992K
}
Event: 58.443 GC heap after
{Heap after GC invocations=50 (full 0):
 garbage-first heap   total 262144K, used 93825K [0x00000000e0000000, 0x0000000100000000)
  region size 1024K, 4 young (4096K), 4 survivors (4096K)
 Metaspace       used 40653K, committed 41024K, reserved 253952K
  class space    used 5591K, committed 5760K, reserved 212992K
}
Event: 59.151 GC heap before
{Heap before GC invocations=50 (full 0):
 garbage-first heap   total 262144K, used 231041K [0x00000000e0000000, 0x0000000100000000)
  region size 1024K, 138 young (141312K), 4 survivors (4096K)
 Metaspace       used 40654K, committed 41024K, reserved 253952K
  class space    used 5591K, committed 5760K, reserved 212992K
}
Event: 59.155 GC heap after
{Heap after GC invocations=51 (full 0):
 garbage-first heap   total 262144K, used 95359K [0x00000000e0000000, 0x0000000100000000)
  region size 1024K, 6 young (6144K), 6 survivors (6144K)
 Metaspace       used 40654K, committed 41024K, reserved 253952K
  class space    used 5591K, committed 5760K, reserved 212992K
}
Event: 59.875 GC heap before
{Heap before GC invocations=51 (full 0):
 garbage-first heap   total 262144K, used 228479K [0x00000000e0000000, 0x0000000100000000)
  region size 1024K, 136 young (139264K), 6 survivors (6144K)
 Metaspace       used 40654K, committed 41024K, reserved 253952K
  class space    used 5591K, committed 5760K, reserved 212992K
}
Event: 59.880 GC heap after
{Heap after GC invocations=52 (full 0):
 garbage-first heap   total 262144K, used 97280K [0x00000000e0000000, 0x0000000100000000)
  region size 1024K, 7 young (7168K), 7 survivors (7168K)
 Metaspace       used 40654K, committed 41024K, reserved 253952K
  class space    used 5591K, committed 5760K, reserved 212992K
}
Event: 60.256 GC heap before
{Heap before GC invocations=52 (full 0):
 garbage-first heap   total 262144K, used 228352K [0x00000000e0000000, 0x0000000100000000)
  region size 1024K, 135 young (138240K), 7 survivors (7168K)
 Metaspace       used 40654K, committed 41024K, reserved 253952K
  class space    used 5591K, committed 5760K, reserved 212992K
}
Event: 60.261 GC heap after
{Heap after GC invocations=53 (full 0):
 garbage-first heap   total 262144K, used 99319K [0x00000000e0000000, 0x0000000100000000)
  region size 1024K, 9 young (9216K), 9 survivors (9216K)
 Metaspace       used 40654K, committed 41024K, reserved 253952K
  class space    used 5591K, committed 5760K, reserved 212992K
}
Event: 60.624 GC heap before
{Heap before GC invocations=53 (full 0):
 garbage-first heap   total 262144K, used 226295K [0x00000000e0000000, 0x0000000100000000)
  region size 1024K, 133 young (136192K), 9 survivors (9216K)
 Metaspace       used 40654K, committed 41024K, reserved 253952K
  class space    used 5591K, committed 5760K, reserved 212992K
}
Event: 60.631 GC heap after
{Heap after GC invocations=54 (full 0):
 garbage-first heap   total 262144K, used 101063K [0x00000000e0000000, 0x0000000100000000)
  region size 1024K, 11 young (11264K), 11 survivors (11264K)
 Metaspace       used 40654K, committed 41024K, reserved 253952K
  class space    used 5591K, committed 5760K, reserved 212992K
}
Event: 61.150 GC heap before
{Heap before GC invocations=54 (full 0):
 garbage-first heap   total 262144K, used 227015K [0x00000000e0000000, 0x0000000100000000)
  region size 1024K, 131 young (134144K), 11 survivors (11264K)
 Metaspace       used 40655K, committed 41024K, reserved 253952K
  class space    used 5591K, committed 5760K, reserved 212992K
}
Event: 61.153 GC heap after
{Heap after GC invocations=55 (full 0):
 garbage-first heap   total 262144K, used 92934K [0x00000000e0000000, 0x0000000100000000)
  region size 1024K, 3 young (3072K), 3 survivors (3072K)
 Metaspace       used 40655K, committed 41024K, reserved 253952K
  class space    used 5591K, committed 5760K, reserved 212992K
}
Event: 61.515 GC heap before
{Heap before GC invocations=55 (full 0):
 garbage-first heap   total 262144K, used 229126K [0x00000000e0000000, 0x0000000100000000)
  region size 1024K, 136 young (139264K), 3 survivors (3072K)
 Metaspace       used 40655K, committed 41024K, reserved 253952K
  class space    used 5591K, committed 5760K, reserved 212992K
}
Event: 61.518 GC heap after
{Heap after GC invocations=56 (full 0):
 garbage-first heap   total 262144K, used 95197K [0x00000000e0000000, 0x0000000100000000)
  region size 1024K, 6 young (6144K), 6 survivors (6144K)
 Metaspace       used 40655K, committed 41024K, reserved 253952K
  class space    used 5591K, committed 5760K, reserved 212992K
}

